# JRE version: Java(TM) SE Runtime Environment (15.0.2+7) (build 15.0.2+7-27)
# Java VM: Java HotSpot(TM) 64-Bit Server VM (15.0.2+7-27, mixed mode, sharing, tiered, compressed oops, g1 gc, windows-amd64)
GC Precious Log:
 CPUs: 4 total, 4 available
 Memory: 3992M
 Large Page Support: Disabled
 NUMA Support: Disabled
 Compressed Oops: Enabled (Zero based)
 Heap Region Size: 4M
 Heap Min Capacity: 8M
 Heap Initial Capacity: 64M
 Heap Max Capacity: 4608M
 Pre-touch: Disabled
 Parallel Workers: 4
 Concurrent Workers: 1
 Concurrent Refinement Workers: 4
 Periodic GC: Disabled
Heap:
 garbage-first heap   total 1671168K, used 518741K [0x00000006e0000000, 0x0000000800000000)
  region size 4096K, 3 young (12288K), 3 survivors (12288K)
 Metaspace       used 76000K, capacity 79054K, committed 79228K, reserved 1118208K
  class space    used 9813K, capacity 10760K, committed 10880K, reserved 1048576K
GC Heap History (20 events):
Event: 42.095 GC heap after
{Heap after GC invocations=49 (full 0):
 garbage-first heap   total 401408K, used 164002K [0x00000006e0000000, 0x0000000800000000)
  region size 4096K, 3 young (12288K), 3 survivors (12288K)
 Metaspace       used 75390K, capacity 78475K, committed 78588K, reserved 1118208K
  class space    used 9781K, capacity 10739K, committed 10752K, reserved 1048576K
}
Event: 42.507 GC heap before
{Heap before GC invocations=49 (full 0):
 garbage-first heap   total 401408K, used 393378K [0x00000006e0000000, 0x0000000800000000)
  region size 4096K, 19 young (77824K), 3 survivors (12288K)
 Metaspace       used 75735K, capacity 78833K, committed 78972K, reserved 1118208K
  class space    used 9814K, capacity 10772K, committed 10880K, reserved 1048576K
}
Event: 42.523 GC heap after
{Heap after GC invocations=50 (full 0):
 garbage-first heap   total 425984K, used 246670K [0x00000006e0000000, 0x0000000800000000)
  region size 4096K, 5 young (20480K), 5 survivors (20480K)
 Metaspace       used 75735K, capacity 78833K, committed 78972K, reserved 1118208K
  class space    used 9814K, capacity 10772K, committed 10880K, reserved 1048576K
}
Event: 43.021 GC heap before
{Heap before GC invocations=51 (full 0):
 garbage-first heap   total 458752K, used 324494K [0x00000006e0000000, 0x0000000800000000)
  region size 4096K, 18 young (73728K), 5 survivors (20480K)
 Metaspace       used 75794K, capacity 78897K, committed 79228K, reserved 1118208K
  class space    used 9814K, capacity 10772K, committed 10880K, reserved 1048576K
}
Event: 43.030 GC heap after
{Heap after GC invocations=52 (full 0):
 garbage-first heap   total 458752K, used 282624K [0x00000006e0000000, 0x0000000800000000)
  region size 4096K, 4 young (16384K), 4 survivors (16384K)
 Metaspace       used 75794K, capacity 78897K, committed 79228K, reserved 1118208K
  class space    used 9814K, capacity 10772K, committed 10880K, reserved 1048576K
}
Event: 43.430 GC heap before
{Heap before GC invocations=52 (full 0):
 garbage-first heap   total 458752K, used 380928K [0x00000006e0000000, 0x0000000800000000)
  region size 4096K, 23 young (94208K), 4 survivors (16384K)
 Metaspace       used 75827K, capacity 78897K, committed 79228K, reserved 1118208K
  class space    used 9814K, capacity 10772K, committed 10880K, reserved 1048576K
}
Event: 43.440 GC heap after
{Heap after GC invocations=53 (full 0):
 garbage-first heap   total 458752K, used 313687K [0x00000006e0000000, 0x0000000800000000)
  region size 4096K, 3 young (12288K), 3 survivors (12288K)
 Metaspace       used 75827K, capacity 78897K, committed 79228K, reserved 1118208K
  class space    used 9814K, capacity 10772K, committed 10880K, reserved 1048576K
}
Event: 43.691 GC heap before
{Heap before GC invocations=53 (full 0):
 garbage-first heap   total 569344K, used 387415K [0x00000006e0000000, 0x0000000800000000)
  region size 4096K, 18 young (73728K), 3 survivors (12288K)
 Metaspace       used 75823K, capacity 78855K, committed 79228K, reserved 1118208K
  class space    used 9807K, capacity 10758K, committed 10880K, reserved 1048576K
}
Event: 43.700 GC heap after
{Heap after GC invocations=54 (full 0):
 garbage-first heap   total 569344K, used 326127K [0x00000006e0000000, 0x0000000800000000)
  region size 4096K, 1 young (4096K), 1 survivors (4096K)
 Metaspace       used 75823K, capacity 78855K, committed 79228K, reserved 1118208K
  class space    used 9807K, capacity 10758K, committed 10880K, reserved 1048576K
}
Event: 43.893 GC heap before
{Heap before GC invocations=55 (full 0):
 garbage-first heap   total 569344K, used 371183K [0x00000006e0000000, 0x0000000800000000)
  region size 4096K, 13 young (53248K), 1 survivors (4096K)
 Metaspace       used 75827K, capacity 78855K, committed 79228K, reserved 1118208K
  class space    used 9808K, capacity 10758K, committed 10880K, reserved 1048576K
}
Event: 43.906 GC heap after
{Heap after GC invocations=56 (full 0):
 garbage-first heap   total 569344K, used 341176K [0x00000006e0000000, 0x0000000800000000)
  region size 4096K, 4 young (16384K), 4 survivors (16384K)
 Metaspace       used 75827K, capacity 78855K, committed 79228K, reserved 1118208K
  class space    used 9808K, capacity 10758K, committed 10880K, reserved 1048576K
}
Event: 44.550 GC heap before
{Heap before GC invocations=56 (full 0):
 garbage-first heap   total 598016K, used 591032K [0x00000006e0000000, 0x0000000800000000)
  region size 4096K, 19 young (77824K), 4 survivors (16384K)
 Metaspace       used 75835K, capacity 78922K, committed 79228K, reserved 1118208K
  class space    used 9808K, capacity 10759K, committed 10880K, reserved 1048576K
}
Event: 44.684 GC heap after
{Heap after GC invocations=57 (full 0):
 garbage-first heap   total 634880K, used 452081K [0x00000006e0000000, 0x0000000800000000)
  region size 4096K, 4 young (16384K), 4 survivors (16384K)
 Metaspace       used 75835K, capacity 78922K, committed 79228K, reserved 1118208K
  class space    used 9808K, capacity 10759K, committed 10880K, reserved 1048576K
}
Event: 46.420 GC heap before
{Heap before GC invocations=58 (full 0):
 garbage-first heap   total 856064K, used 599537K [0x00000006e0000000, 0x0000000800000000)
  region size 4096K, 21 young (86016K), 4 survivors (16384K)
 Metaspace       used 75928K, capacity 78989K, committed 79228K, reserved 1118208K
  class space    used 9813K, capacity 10760K, committed 10880K, reserved 1048576K
}
Event: 46.475 GC heap after
{Heap after GC invocations=59 (full 0):
 garbage-first heap   total 856064K, used 501589K [0x00000006e0000000, 0x0000000800000000)
  region size 4096K, 3 young (12288K), 3 survivors (12288K)
 Metaspace       used 75928K, capacity 78989K, committed 79228K, reserved 1118208K
  class space    used 9813K, capacity 10760K, committed 10880K, reserved 1048576K
}
Event: 47.408 GC heap before
{Heap before GC invocations=59 (full 0):
 garbage-first heap   total 856064K, used 546645K [0x00000006e0000000, 0x0000000800000000)
  region size 4096K, 16 young (65536K), 3 survivors (12288K)
 Metaspace       used 75962K, capacity 78989K, committed 79228K, reserved 1118208K
  class space    used 9813K, capacity 10760K, committed 10880K, reserved 1048576K
}
Event: 47.487 GC heap after
{Heap after GC invocations=60 (full 0):
 garbage-first heap   total 856064K, used 521719K [0x00000006e0000000, 0x0000000800000000)
  region size 4096K, 6 young (24576K), 6 survivors (24576K)
 Metaspace       used 75962K, capacity 78989K, committed 79228K, reserved 1118208K
  class space    used 9813K, capacity 10760K, committed 10880K, reserved 1048576K
}
Event: 49.621 GC heap before
{Heap before GC invocations=61 (full 0):
 garbage-first heap   total 909312K, used 554487K [0x00000006e0000000, 0x0000000800000000)
  region size 4096K, 20 young (81920K), 6 survivors (24576K)
 Metaspace       used 75985K, capacity 79054K, committed 79228K, reserved 1118208K
  class space    used 9813K, capacity 10760K, committed 10880K, reserved 1048576K
}
Event: 49.674 GC heap after
{Heap after GC invocations=62 (full 0):
 garbage-first heap   total 909312K, used 519200K [0x00000006e0000000, 0x0000000800000000)
  region size 4096K, 5 young (20480K), 5 survivors (20480K)
 Metaspace       used 75985K, capacity 79054K, committed 79228K, reserved 1118208K
  class space    used 9813K, capacity 10760K, committed 10880K, reserved 1048576K
}
Event: 50.553 GC heap before
{Heap before GC invocations=63 (full 0):
 garbage-first heap   total 909312K, used 547872K [0x00000006e0000000, 0x0000000800000000)
  region size 4096K, 14 young (57344K), 5 survivors (20480K)
 Metaspace       used 76000K, capacity 79054K, committed 79228K, reserved 1118208K
  class space    used 9813K, capacity 10760K, committed 10880K, reserved 1048576K
}

