# JRE version: Java(TM) SE Runtime Environment (15.0.2+7) (build 15.0.2+7-27)
# Java VM: Java HotSpot(TM) 64-Bit Server VM (15.0.2+7-27, mixed mode, sharing, tiered, compressed oops, g1 gc, windows-amd64)
GC Precious Log:
 CPUs: 4 total, 4 available
 Memory: 3992M
 Large Page Support: Disabled
 NUMA Support: Disabled
 Compressed Oops: Enabled (32-bit)
 Heap Region Size: 1M
 Heap Min Capacity: 256M
 Heap Initial Capacity: 256M
 Heap Max Capacity: 512M
 Pre-touch: Disabled
 Parallel Workers: 4
 Concurrent Workers: 1
 Concurrent Refinement Workers: 4
 Periodic GC: Disabled
Heap:
 garbage-first heap   total 524288K, used 422156K [0x00000000e0000000, 0x0000000100000000)
  region size 1024K, 68 young (69632K), 7 survivors (7168K)
 Metaspace       used 110635K, capacity 113527K, committed 113828K, reserved 354304K
  class space    used 13369K, capacity 14223K, committed 14336K, reserved 253952K
GC Heap History (20 events):
Event: 8748.673 GC heap before
{Heap before GC invocations=59 (full 0):
 garbage-first heap   total 388096K, used 216344K [0x00000000e0000000, 0x0000000100000000)
  region size 1024K, 27 young (27648K), 3 survivors (3072K)
 Metaspace       used 102539K, capacity 105371K, committed 105764K, reserved 348160K
  class space    used 12354K, capacity 13216K, committed 13440K, reserved 253952K
}
Event: 8748.716 GC heap after
{Heap after GC invocations=60 (full 0):
 garbage-first heap   total 388096K, used 201116K [0x00000000e0000000, 0x0000000100000000)
  region size 1024K, 11 young (11264K), 11 survivors (11264K)
 Metaspace       used 102539K, capacity 105371K, committed 105764K, reserved 348160K
  class space    used 12354K, capacity 13216K, committed 13440K, reserved 253952K
}
Event: 8750.568 GC heap before
{Heap before GC invocations=61 (full 0):
 garbage-first heap   total 424960K, used 279964K [0x00000000e0000000, 0x0000000100000000)
  region size 1024K, 85 young (87040K), 11 survivors (11264K)
 Metaspace       used 104079K, capacity 106907K, committed 107300K, reserved 348160K
  class space    used 12637K, capacity 13472K, committed 13696K, reserved 253952K
}
Event: 8750.688 GC heap after
{Heap after GC invocations=62 (full 0):
 garbage-first heap   total 424960K, used 230532K [0x00000000e0000000, 0x0000000100000000)
  region size 1024K, 11 young (11264K), 11 survivors (11264K)
 Metaspace       used 104079K, capacity 106907K, committed 107300K, reserved 348160K
  class space    used 12637K, capacity 13472K, committed 13696K, reserved 253952K
}
Event: 8751.482 GC heap before
{Heap before GC invocations=62 (full 0):
 garbage-first heap   total 424960K, used 308356K [0x00000000e0000000, 0x0000000100000000)
  region size 1024K, 87 young (89088K), 11 survivors (11264K)
 Metaspace       used 104143K, capacity 106907K, committed 107300K, reserved 348160K
  class space    used 12637K, capacity 13472K, committed 13696K, reserved 253952K
}
Event: 8751.641 GC heap after
{Heap after GC invocations=63 (full 0):
 garbage-first heap   total 424960K, used 272896K [0x00000000e0000000, 0x0000000100000000)
  region size 1024K, 11 young (11264K), 11 survivors (11264K)
 Metaspace       used 104143K, capacity 106907K, committed 107300K, reserved 348160K
  class space    used 12637K, capacity 13472K, committed 13696K, reserved 253952K
}
Event: 8752.686 GC heap before
{Heap before GC invocations=63 (full 0):
 garbage-first heap   total 424960K, used 324096K [0x00000000e0000000, 0x0000000100000000)
  region size 1024K, 62 young (63488K), 11 survivors (11264K)
 Metaspace       used 104149K, capacity 106907K, committed 107300K, reserved 348160K
  class space    used 12638K, capacity 13472K, committed 13696K, reserved 253952K
}
Event: 8752.858 GC heap after
{Heap after GC invocations=64 (full 0):
 garbage-first heap   total 424960K, used 300544K [0x00000000e0000000, 0x0000000100000000)
  region size 1024K, 8 young (8192K), 8 survivors (8192K)
 Metaspace       used 104149K, capacity 106907K, committed 107300K, reserved 348160K
  class space    used 12638K, capacity 13472K, committed 13696K, reserved 253952K
}
Event: 8754.404 GC heap before
{Heap before GC invocations=65 (full 0):
 garbage-first heap   total 506880K, used 329216K [0x00000000e0000000, 0x0000000100000000)
  region size 1024K, 39 young (39936K), 8 survivors (8192K)
 Metaspace       used 105300K, capacity 108129K, committed 108452K, reserved 350208K
  class space    used 12805K, capacity 13666K, committed 13824K, reserved 253952K
}
Event: 8754.462 GC heap after
{Heap after GC invocations=66 (full 0):
 garbage-first heap   total 506880K, used 312832K [0x00000000e0000000, 0x0000000100000000)
  region size 1024K, 6 young (6144K), 6 survivors (6144K)
 Metaspace       used 105300K, capacity 108129K, committed 108452K, reserved 350208K
  class space    used 12805K, capacity 13666K, committed 13824K, reserved 253952K
}
Event: 8757.035 GC heap before
{Heap before GC invocations=66 (full 0):
 garbage-first heap   total 524288K, used 364032K [0x00000000e0000000, 0x0000000100000000)
  region size 1024K, 71 young (72704K), 6 survivors (6144K)
 Metaspace       used 105854K, capacity 108642K, committed 108964K, reserved 350208K
  class space    used 12853K, capacity 13704K, committed 13824K, reserved 253952K
}
Event: 8757.090 GC heap after
{Heap after GC invocations=67 (full 0):
 garbage-first heap   total 524288K, used 315392K [0x00000000e0000000, 0x0000000100000000)
  region size 1024K, 9 young (9216K), 9 survivors (9216K)
 Metaspace       used 105854K, capacity 108642K, committed 108964K, reserved 350208K
  class space    used 12853K, capacity 13704K, committed 13824K, reserved 253952K
}
Event: 8758.663 GC heap before
{Heap before GC invocations=68 (full 0):
 garbage-first heap   total 524288K, used 390144K [0x00000000e0000000, 0x0000000100000000)
  region size 1024K, 83 young (84992K), 9 survivors (9216K)
 Metaspace       used 108539K, capacity 111345K, committed 111652K, reserved 352256K
  class space    used 13197K, capacity 14029K, committed 14208K, reserved 253952K
}
Event: 8758.714 GC heap after
{Heap after GC invocations=69 (full 0):
 garbage-first heap   total 524288K, used 327680K [0x00000000e0000000, 0x0000000100000000)
  region size 1024K, 11 young (11264K), 11 survivors (11264K)
 Metaspace       used 108539K, capacity 111345K, committed 111652K, reserved 352256K
  class space    used 13197K, capacity 14029K, committed 14208K, reserved 253952K
}
Event: 8759.672 GC heap before
{Heap before GC invocations=69 (full 0):
 garbage-first heap   total 524288K, used 403456K [0x00000000e0000000, 0x0000000100000000)
  region size 1024K, 85 young (87040K), 11 survivors (11264K)
 Metaspace       used 109145K, capacity 112017K, committed 112164K, reserved 352256K
  class space    used 13233K, capacity 14061K, committed 14208K, reserved 253952K
}
Event: 8759.721 GC heap after
{Heap after GC invocations=70 (full 0):
 garbage-first heap   total 524288K, used 331235K [0x00000000e0000000, 0x0000000100000000)
  region size 1024K, 5 young (5120K), 5 survivors (5120K)
 Metaspace       used 109145K, capacity 112017K, committed 112164K, reserved 352256K
  class space    used 13233K, capacity 14061K, committed 14208K, reserved 253952K
}
Event: 8761.331 GC heap before
{Heap before GC invocations=70 (full 0):
 garbage-first heap   total 524288K, used 412131K [0x00000000e0000000, 0x0000000100000000)
  region size 1024K, 83 young (84992K), 5 survivors (5120K)
 Metaspace       used 109502K, capacity 112375K, committed 112676K, reserved 354304K
  class space    used 13252K, capacity 14095K, committed 14208K, reserved 253952K
}
Event: 8761.392 GC heap after
{Heap after GC invocations=71 (full 0):
 garbage-first heap   total 524288K, used 339894K [0x00000000e0000000, 0x0000000100000000)
  region size 1024K, 11 young (11264K), 11 survivors (11264K)
 Metaspace       used 109502K, capacity 112375K, committed 112676K, reserved 354304K
  class space    used 13252K, capacity 14095K, committed 14208K, reserved 253952K
}
Event: 8762.992 GC heap before
{Heap before GC invocations=72 (full 0):
 garbage-first heap   total 524288K, used 408502K [0x00000000e0000000, 0x0000000100000000)
  region size 1024K, 79 young (80896K), 11 survivors (11264K)
 Metaspace       used 110291K, capacity 113143K, committed 113572K, reserved 354304K
  class space    used 13327K, capacity 14159K, committed 14336K, reserved 253952K
}
Event: 8763.054 GC heap after
{Heap after GC invocations=73 (full 0):
 garbage-first heap   total 524288K, used 346380K [0x00000000e0000000, 0x0000000100000000)
  region size 1024K, 7 young (7168K), 7 survivors (7168K)
 Metaspace       used 110291K, capacity 113143K, committed 113572K, reserved 354304K
  class space    used 13327K, capacity 14159K, committed 14336K, reserved 253952K
}

