# JRE version: Java(TM) SE Runtime Environment (15.0.2+7) (build 15.0.2+7-27)
# Java VM: Java HotSpot(TM) 64-Bit Server VM (15.0.2+7-27, mixed mode, sharing, tiered, compressed oops, g1 gc, windows-amd64)
GC Precious Log:
 CPUs: 4 total, 4 available
 Memory: 3992M
 Large Page Support: Disabled
 NUMA Support: Disabled
 Compressed Oops: Enabled (32-bit)
 Heap Region Size: 1M
 Heap Min Capacity: 256M
 Heap Initial Capacity: 256M
 Heap Max Capacity: 512M
 Pre-touch: Disabled
 Parallel Workers: 4
 Concurrent Workers: 1
 Concurrent Refinement Workers: 4
 Periodic GC: Disabled
Heap:
 garbage-first heap   total 524288K, used 350426K [0x00000000e0000000, 0x0000000100000000)
  region size 1024K, 11 young (11264K), 3 survivors (3072K)
 Metaspace       used 108887K, capacity 111796K, committed 112000K, reserved 352256K
  class space    used 12954K, capacity 13925K, committed 13952K, reserved 253952K
GC Heap History (20 events):
Event: 195.871 GC heap before
{Heap before GC invocations=78 (full 0):
 garbage-first heap   total 396288K, used 316991K [0x00000000e0000000, 0x0000000100000000)
  region size 1024K, 109 young (111616K), 3 survivors (3072K)
 Metaspace       used 106174K, capacity 109128K, committed 109312K, reserved 350208K
  class space    used 12725K, capacity 13699K, committed 13824K, reserved 253952K
}
Event: 195.980 GC heap after
{Heap after GC invocations=79 (full 0):
 garbage-first heap   total 396288K, used 238592K [0x00000000e0000000, 0x0000000100000000)
  region size 1024K, 14 young (14336K), 14 survivors (14336K)
 Metaspace       used 106174K, capacity 109128K, committed 109312K, reserved 350208K
  class space    used 12725K, capacity 13699K, committed 13824K, reserved 253952K
}
Event: 196.535 GC heap before
{Heap before GC invocations=79 (full 0):
 garbage-first heap   total 396288K, used 314368K [0x00000000e0000000, 0x0000000100000000)
  region size 1024K, 89 young (91136K), 14 survivors (14336K)
 Metaspace       used 107270K, capacity 110216K, committed 110336K, reserved 352256K
  class space    used 12816K, capacity 13763K, committed 13824K, reserved 253952K
}
Event: 196.633 GC heap after
{Heap after GC invocations=80 (full 0):
 garbage-first heap   total 396288K, used 267264K [0x00000000e0000000, 0x0000000100000000)
  region size 1024K, 12 young (12288K), 12 survivors (12288K)
 Metaspace       used 107270K, capacity 110216K, committed 110336K, reserved 352256K
  class space    used 12816K, capacity 13763K, committed 13824K, reserved 253952K
}
Event: 197.186 GC heap before
{Heap before GC invocations=80 (full 0):
 garbage-first heap   total 396288K, used 316416K [0x00000000e0000000, 0x0000000100000000)
  region size 1024K, 61 young (62464K), 12 survivors (12288K)
 Metaspace       used 107593K, capacity 110568K, committed 110848K, reserved 352256K
  class space    used 12845K, capacity 13795K, committed 13824K, reserved 253952K
}
Event: 197.321 GC heap after
{Heap after GC invocations=81 (full 0):
 garbage-first heap   total 396288K, used 286720K [0x00000000e0000000, 0x0000000100000000)
  region size 1024K, 8 young (8192K), 8 survivors (8192K)
 Metaspace       used 107593K, capacity 110568K, committed 110848K, reserved 352256K
  class space    used 12845K, capacity 13795K, committed 13824K, reserved 253952K
}
Event: 197.661 GC heap before
{Heap before GC invocations=81 (full 0):
 garbage-first heap   total 396288K, used 324608K [0x00000000e0000000, 0x0000000100000000)
  region size 1024K, 45 young (46080K), 8 survivors (8192K)
 Metaspace       used 107954K, capacity 110888K, committed 111232K, reserved 352256K
  class space    used 12885K, capacity 13859K, committed 13952K, reserved 253952K
}
Event: 197.703 GC heap after
{Heap after GC invocations=82 (full 0):
 garbage-first heap   total 396288K, used 304640K [0x00000000e0000000, 0x0000000100000000)
  region size 1024K, 6 young (6144K), 6 survivors (6144K)
 Metaspace       used 107954K, capacity 110888K, committed 111232K, reserved 352256K
  class space    used 12885K, capacity 13859K, committed 13952K, reserved 253952K
}
Event: 197.909 GC heap before
{Heap before GC invocations=82 (full 0):
 garbage-first heap   total 396288K, used 329216K [0x00000000e0000000, 0x0000000100000000)
  region size 1024K, 31 young (31744K), 6 survivors (6144K)
 Metaspace       used 108242K, capacity 111144K, committed 111488K, reserved 352256K
  class space    used 12912K, capacity 13859K, committed 13952K, reserved 253952K
}
Event: 197.963 GC heap after
{Heap after GC invocations=83 (full 0):
 garbage-first heap   total 396288K, used 314368K [0x00000000e0000000, 0x0000000100000000)
  region size 1024K, 4 young (4096K), 4 survivors (4096K)
 Metaspace       used 108242K, capacity 111144K, committed 111488K, reserved 352256K
  class space    used 12912K, capacity 13859K, committed 13952K, reserved 253952K
}
Event: 198.159 GC heap before
{Heap before GC invocations=83 (full 0):
 garbage-first heap   total 396288K, used 334848K [0x00000000e0000000, 0x0000000100000000)
  region size 1024K, 24 young (24576K), 4 survivors (4096K)
 Metaspace       used 108549K, capacity 111531K, committed 111744K, reserved 352256K
  class space    used 12950K, capacity 13924K, committed 13952K, reserved 253952K
}
Event: 198.180 GC heap after
{Heap after GC invocations=84 (full 0):
 garbage-first heap   total 396288K, used 321536K [0x00000000e0000000, 0x0000000100000000)
  region size 1024K, 3 young (3072K), 3 survivors (3072K)
 Metaspace       used 108549K, capacity 111531K, committed 111744K, reserved 352256K
  class space    used 12950K, capacity 13924K, committed 13952K, reserved 253952K
}
Event: 198.330 GC heap before
{Heap before GC invocations=84 (full 0):
 garbage-first heap   total 396288K, used 337920K [0x00000000e0000000, 0x0000000100000000)
  region size 1024K, 20 young (20480K), 3 survivors (3072K)
 Metaspace       used 108685K, capacity 111659K, committed 111744K, reserved 352256K
  class space    used 12950K, capacity 13924K, committed 13952K, reserved 253952K
}
Event: 198.358 GC heap after
{Heap after GC invocations=85 (full 0):
 garbage-first heap   total 396288K, used 330752K [0x00000000e0000000, 0x0000000100000000)
  region size 1024K, 3 young (3072K), 3 survivors (3072K)
 Metaspace       used 108685K, capacity 111659K, committed 111744K, reserved 352256K
  class space    used 12950K, capacity 13924K, committed 13952K, reserved 253952K
}
Event: 198.661 GC heap before
{Heap before GC invocations=85 (full 0):
 garbage-first heap   total 396288K, used 346112K [0x00000000e0000000, 0x0000000100000000)
  region size 1024K, 19 young (19456K), 3 survivors (3072K)
 Metaspace       used 108823K, capacity 111787K, committed 112000K, reserved 352256K
  class space    used 12952K, capacity 13924K, committed 13952K, reserved 253952K
}
Event: 198.690 GC heap after
{Heap after GC invocations=86 (full 0):
 garbage-first heap   total 396288K, used 333598K [0x00000000e0000000, 0x0000000100000000)
  region size 1024K, 3 young (3072K), 3 survivors (3072K)
 Metaspace       used 108823K, capacity 111787K, committed 112000K, reserved 352256K
  class space    used 12952K, capacity 13924K, committed 13952K, reserved 253952K
}
Event: 198.867 GC heap before
{Heap before GC invocations=86 (full 0):
 garbage-first heap   total 396288K, used 354078K [0x00000000e0000000, 0x0000000100000000)
  region size 1024K, 19 young (19456K), 3 survivors (3072K)
 Metaspace       used 108839K, capacity 111802K, committed 112000K, reserved 352256K
  class space    used 12954K, capacity 13927K, committed 13952K, reserved 253952K
}
Event: 198.883 GC heap after
{Heap after GC invocations=87 (full 0):
 garbage-first heap   total 396288K, used 340469K [0x00000000e0000000, 0x0000000100000000)
  region size 1024K, 3 young (3072K), 3 survivors (3072K)
 Metaspace       used 108839K, capacity 111802K, committed 112000K, reserved 352256K
  class space    used 12954K, capacity 13927K, committed 13952K, reserved 253952K
}
Event: 199.368 GC heap before
{Heap before GC invocations=87 (full 0):
 garbage-first heap   total 396288K, used 355829K [0x00000000e0000000, 0x0000000100000000)
  region size 1024K, 19 young (19456K), 3 survivors (3072K)
 Metaspace       used 108875K, capacity 111802K, committed 112000K, reserved 352256K
  class space    used 12954K, capacity 13927K, committed 13952K, reserved 253952K
}
Event: 199.379 GC heap after
{Heap after GC invocations=88 (full 0):
 garbage-first heap   total 396288K, used 344282K [0x00000000e0000000, 0x0000000100000000)
  region size 1024K, 3 young (3072K), 3 survivors (3072K)
 Metaspace       used 108875K, capacity 111802K, committed 112000K, reserved 352256K
  class space    used 12954K, capacity 13927K, committed 13952K, reserved 253952K
}

