# JRE version: Java(TM) SE Runtime Environment (15.0.2+7) (build 15.0.2+7-27)
# Java VM: Java HotSpot(TM) 64-Bit Server VM (15.0.2+7-27, mixed mode, sharing, tiered, compressed oops, g1 gc, windows-amd64)
GC Precious Log:
 CPUs: 4 total, 4 available
 Memory: 3992M
 Large Page Support: Disabled
 NUMA Support: Disabled
 Compressed Oops: Enabled (Zero based)
 Heap Region Size: 4M
 Heap Min Capacity: 8M
 Heap Initial Capacity: 64M
 Heap Max Capacity: 4608M
 Pre-touch: Disabled
 Parallel Workers: 4
 Concurrent Workers: 1
 Concurrent Refinement Workers: 4
 Periodic GC: Disabled
Heap:
 garbage-first heap   total 1241088K, used 1073727K [0x00000006e0000000, 0x0000000800000000)
  region size 4096K, 82 young (335872K), 16 survivors (65536K)
 Metaspace       used 110217K, capacity 113568K, committed 113916K, reserved 1148928K
  class space    used 13189K, capacity 14221K, committed 14336K, reserved 1048576K
GC Heap History (20 events):
Event: 228.508 GC heap before
{Heap before GC invocations=88 (full 0):
 garbage-first heap   total 724992K, used 577536K [0x00000006e0000000, 0x0000000800000000)
  region size 4096K, 28 young (114688K), 5 survivors (20480K)
 Metaspace       used 104415K, capacity 107662K, committed 107772K, reserved 1142784K
  class space    used 12571K, capacity 13556K, committed 13568K, reserved 1048576K
}
Event: 228.646 GC heap after
{Heap after GC invocations=89 (full 0):
 garbage-first heap   total 724992K, used 492467K [0x00000006e0000000, 0x0000000800000000)
  region size 4096K, 4 young (16384K), 4 survivors (16384K)
 Metaspace       used 104415K, capacity 107662K, committed 107772K, reserved 1142784K
  class space    used 12571K, capacity 13556K, committed 13568K, reserved 1048576K
}
Event: 235.699 GC heap before
{Heap before GC invocations=90 (full 0):
 garbage-first heap   total 868352K, used 549811K [0x00000006e0000000, 0x0000000800000000)
  region size 4096K, 25 young (102400K), 4 survivors (16384K)
 Metaspace       used 104558K, capacity 107802K, committed 108028K, reserved 1144832K
  class space    used 12587K, capacity 13558K, committed 13568K, reserved 1048576K
}
Event: 235.735 GC heap after
{Heap after GC invocations=91 (full 0):
 garbage-first heap   total 1101824K, used 462606K [0x00000006e0000000, 0x0000000800000000)
  region size 4096K, 2 young (8192K), 2 survivors (8192K)
 Metaspace       used 104558K, capacity 107802K, committed 108028K, reserved 1144832K
  class space    used 12587K, capacity 13558K, committed 13568K, reserved 1048576K
}
Event: 235.994 GC heap before
{Heap before GC invocations=91 (full 0):
 garbage-first heap   total 1101824K, used 503565K [0x00000006e0000000, 0x0000000800000000)
  region size 4096K, 13 young (53248K), 2 survivors (8192K)
 Metaspace       used 104999K, capacity 108250K, committed 108412K, reserved 1144832K
  class space    used 12643K, capacity 13622K, committed 13696K, reserved 1048576K
}
Event: 236.160 GC heap after
{Heap after GC invocations=92 (full 0):
 garbage-first heap   total 1101824K, used 413203K [0x00000006e0000000, 0x0000000800000000)
  region size 4096K, 2 young (8192K), 2 survivors (8192K)
 Metaspace       used 104999K, capacity 108250K, committed 108412K, reserved 1144832K
  class space    used 12643K, capacity 13622K, committed 13696K, reserved 1048576K
}
Event: 237.184 GC heap before
{Heap before GC invocations=92 (full 0):
 garbage-first heap   total 1101824K, used 458259K [0x00000006e0000000, 0x0000000800000000)
  region size 4096K, 13 young (53248K), 2 survivors (8192K)
 Metaspace       used 105498K, capacity 108736K, committed 108924K, reserved 1144832K
  class space    used 12681K, capacity 13655K, committed 13696K, reserved 1048576K
}
Event: 237.317 GC heap after
{Heap after GC invocations=93 (full 0):
 garbage-first heap   total 1101824K, used 395888K [0x00000006e0000000, 0x0000000800000000)
  region size 4096K, 2 young (8192K), 2 survivors (8192K)
 Metaspace       used 105498K, capacity 108736K, committed 108924K, reserved 1144832K
  class space    used 12681K, capacity 13655K, committed 13696K, reserved 1048576K
}
Event: 239.873 GC heap before
{Heap before GC invocations=93 (full 0):
 garbage-first heap   total 1101824K, used 641648K [0x00000006e0000000, 0x0000000800000000)
  region size 4096K, 63 young (258048K), 2 survivors (8192K)
 Metaspace       used 106215K, capacity 109475K, committed 109692K, reserved 1144832K
  class space    used 12721K, capacity 13688K, committed 13696K, reserved 1048576K
}
Event: 239.911 GC heap after
{Heap after GC invocations=94 (full 0):
 garbage-first heap   total 1101824K, used 412128K [0x00000006e0000000, 0x0000000800000000)
  region size 4096K, 6 young (24576K), 6 survivors (24576K)
 Metaspace       used 106215K, capacity 109475K, committed 109692K, reserved 1144832K
  class space    used 12721K, capacity 13688K, committed 13696K, reserved 1048576K
}
Event: 243.350 GC heap before
{Heap before GC invocations=94 (full 0):
 garbage-first heap   total 1101824K, used 883168K [0x00000006e0000000, 0x0000000800000000)
  region size 4096K, 121 young (495616K), 6 survivors (24576K)
 Metaspace       used 106679K, capacity 109907K, committed 110076K, reserved 1144832K
  class space    used 12764K, capacity 13724K, committed 13824K, reserved 1048576K
}
Event: 243.473 GC heap after
{Heap after GC invocations=95 (full 0):
 garbage-first heap   total 1101824K, used 424992K [0x00000006e0000000, 0x0000000800000000)
  region size 4096K, 9 young (36864K), 9 survivors (36864K)
 Metaspace       used 106679K, capacity 109907K, committed 110076K, reserved 1144832K
  class space    used 12764K, capacity 13724K, committed 13824K, reserved 1048576K
}
Event: 246.000 GC heap before
{Heap before GC invocations=95 (full 0):
 garbage-first heap   total 1101824K, used 879648K [0x00000006e0000000, 0x0000000800000000)
  region size 4096K, 121 young (495616K), 9 survivors (36864K)
 Metaspace       used 107482K, capacity 110781K, committed 110972K, reserved 1146880K
  class space    used 12869K, capacity 13860K, committed 13952K, reserved 1048576K
}
Event: 246.042 GC heap after
{Heap after GC invocations=96 (full 0):
 garbage-first heap   total 1101824K, used 426789K [0x00000006e0000000, 0x0000000800000000)
  region size 4096K, 9 young (36864K), 9 survivors (36864K)
 Metaspace       used 107482K, capacity 110781K, committed 110972K, reserved 1146880K
  class space    used 12869K, capacity 13860K, committed 13952K, reserved 1048576K
}
Event: 253.874 GC heap before
{Heap before GC invocations=96 (full 0):
 garbage-first heap   total 1101824K, used 885541K [0x00000006e0000000, 0x0000000800000000)
  region size 4096K, 122 young (499712K), 9 survivors (36864K)
 Metaspace       used 107977K, capacity 111315K, committed 111484K, reserved 1146880K
  class space    used 12911K, capacity 13908K, committed 13952K, reserved 1048576K
}
Event: 253.894 GC heap after
{Heap after GC invocations=97 (full 0):
 garbage-first heap   total 1101824K, used 406495K [0x00000006e0000000, 0x0000000800000000)
  region size 4096K, 4 young (16384K), 4 survivors (16384K)
 Metaspace       used 107977K, capacity 111315K, committed 111484K, reserved 1146880K
  class space    used 12911K, capacity 13908K, committed 13952K, reserved 1048576K
}
Event: 264.719 GC heap before
{Heap before GC invocations=97 (full 0):
 garbage-first heap   total 1101824K, used 779231K [0x00000006e0000000, 0x0000000800000000)
  region size 4096K, 81 young (331776K), 4 survivors (16384K)
 Metaspace       used 109565K, capacity 112934K, committed 113020K, reserved 1148928K
  class space    used 13109K, capacity 14163K, committed 14208K, reserved 1048576K
}
Event: 264.744 GC heap after
{Heap after GC invocations=98 (full 0):
 garbage-first heap   total 1101824K, used 446620K [0x00000006e0000000, 0x0000000800000000)
  region size 4096K, 7 young (28672K), 7 survivors (28672K)
 Metaspace       used 109565K, capacity 112934K, committed 113020K, reserved 1148928K
  class space    used 13109K, capacity 14163K, committed 14208K, reserved 1048576K
}
Event: 266.789 GC heap before
{Heap before GC invocations=98 (full 0):
 garbage-first heap   total 1155072K, used 1147036K [0x00000006e0000000, 0x0000000800000000)
  region size 4096K, 88 young (360448K), 7 survivors (28672K)
 Metaspace       used 109701K, capacity 112998K, committed 113276K, reserved 1148928K
  class space    used 13123K, capacity 14163K, committed 14208K, reserved 1048576K
}
Event: 267.008 GC heap after
{Heap after GC invocations=99 (full 0):
 garbage-first heap   total 1241088K, used 676415K [0x00000006e0000000, 0x0000000800000000)
  region size 4096K, 16 young (65536K), 16 survivors (65536K)
 Metaspace       used 109701K, capacity 112998K, committed 113276K, reserved 1148928K
  class space    used 13123K, capacity 14163K, committed 14208K, reserved 1048576K
}

