# JRE version: Java(TM) SE Runtime Environment (15.0.2+7) (build 15.0.2+7-27)
# Java VM: Java HotSpot(TM) 64-Bit Server VM (15.0.2+7-27, mixed mode, sharing, tiered, compressed oops, g1 gc, windows-amd64)
GC Precious Log:
 CPUs: 4 total, 4 available
 Memory: 3992M
 Large Page Support: Disabled
 NUMA Support: Disabled
 Compressed Oops: Enabled (32-bit)
 Heap Region Size: 1M
 Heap Min Capacity: 256M
 Heap Initial Capacity: 256M
 Heap Max Capacity: 512M
 Pre-touch: Disabled
 Parallel Workers: 4
 Concurrent Workers: 1
 Concurrent Refinement Workers: 4
 Periodic GC: Disabled
Heap:
 garbage-first heap   total 414720K, used 247808K [0x00000000e0000000, 0x0000000100000000)
  region size 1024K, 57 young (58368K), 9 survivors (9216K)
 Metaspace       used 97004K, capacity 100900K, committed 101632K, reserved 342016K
  class space    used 12159K, capacity 13265K, committed 13568K, reserved 253952K
GC Heap History (20 events):
Event: 1148.989 GC heap before
{Heap before GC invocations=39 (full 0):
 garbage-first heap   total 331776K, used 220160K [0x00000000e0000000, 0x0000000100000000)
  region size 1024K, 81 young (82944K), 9 survivors (9216K)
 Metaspace       used 80668K, capacity 83569K, committed 83712K, reserved 327680K
  class space    used 10002K, capacity 10918K, committed 11008K, reserved 253952K
}
Event: 1149.097 GC heap after
{Heap after GC invocations=40 (full 0):
 garbage-first heap   total 331776K, used 163328K [0x00000000e0000000, 0x0000000100000000)
  region size 1024K, 11 young (11264K), 11 survivors (11264K)
 Metaspace       used 80668K, capacity 83569K, committed 83712K, reserved 327680K
  class space    used 10002K, capacity 10918K, committed 11008K, reserved 253952K
}
Event: 1151.259 GC heap before
{Heap before GC invocations=40 (full 0):
 garbage-first heap   total 331776K, used 235008K [0x00000000e0000000, 0x0000000100000000)
  region size 1024K, 82 young (83968K), 11 survivors (11264K)
 Metaspace       used 80682K, capacity 83639K, committed 83968K, reserved 327680K
  class space    used 10003K, capacity 10919K, committed 11008K, reserved 253952K
}
Event: 1151.334 GC heap after
{Heap after GC invocations=41 (full 0):
 garbage-first heap   total 331776K, used 172032K [0x00000000e0000000, 0x0000000100000000)
  region size 1024K, 8 young (8192K), 8 survivors (8192K)
 Metaspace       used 80682K, capacity 83639K, committed 83968K, reserved 327680K
  class space    used 10003K, capacity 10919K, committed 11008K, reserved 253952K
}
Event: 1153.782 GC heap before
{Heap before GC invocations=41 (full 0):
 garbage-first heap   total 331776K, used 254976K [0x00000000e0000000, 0x0000000100000000)
  region size 1024K, 89 young (91136K), 8 survivors (8192K)
 Metaspace       used 80717K, capacity 83639K, committed 83968K, reserved 327680K
  class space    used 10003K, capacity 10919K, committed 11008K, reserved 253952K
}
Event: 1153.821 GC heap after
{Heap after GC invocations=42 (full 0):
 garbage-first heap   total 331776K, used 174080K [0x00000000e0000000, 0x0000000100000000)
  region size 1024K, 2 young (2048K), 2 survivors (2048K)
 Metaspace       used 80717K, capacity 83639K, committed 83968K, reserved 327680K
  class space    used 10003K, capacity 10919K, committed 11008K, reserved 253952K
}
Event: 1155.603 GC heap before
{Heap before GC invocations=42 (full 0):
 garbage-first heap   total 331776K, used 261120K [0x00000000e0000000, 0x0000000100000000)
  region size 1024K, 88 young (90112K), 2 survivors (2048K)
 Metaspace       used 80719K, capacity 83639K, committed 83968K, reserved 327680K
  class space    used 10004K, capacity 10919K, committed 11008K, reserved 253952K
}
Event: 1155.619 GC heap after
{Heap after GC invocations=43 (full 0):
 garbage-first heap   total 331776K, used 175257K [0x00000000e0000000, 0x0000000100000000)
  region size 1024K, 4 young (4096K), 4 survivors (4096K)
 Metaspace       used 80719K, capacity 83639K, committed 83968K, reserved 327680K
  class space    used 10004K, capacity 10919K, committed 11008K, reserved 253952K
}
Event: 3953.323 GC heap before
{Heap before GC invocations=43 (full 0):
 garbage-first heap   total 331776K, used 266393K [0x00000000e0000000, 0x0000000100000000)
  region size 1024K, 94 young (96256K), 4 survivors (4096K)
 Metaspace       used 80855K, capacity 83782K, committed 83968K, reserved 327680K
  class space    used 10005K, capacity 10922K, committed 11008K, reserved 253952K
}
Event: 3953.510 GC heap after
{Heap after GC invocations=44 (full 0):
 garbage-first heap   total 331776K, used 174375K [0x00000000e0000000, 0x0000000100000000)
  region size 1024K, 3 young (3072K), 3 survivors (3072K)
 Metaspace       used 80855K, capacity 83782K, committed 83968K, reserved 327680K
  class space    used 10005K, capacity 10922K, committed 11008K, reserved 253952K
}
Event: 9442.658 GC heap before
{Heap before GC invocations=44 (full 0):
 garbage-first heap   total 331776K, used 271655K [0x00000000e0000000, 0x0000000100000000)
  region size 1024K, 98 young (100352K), 3 survivors (3072K)
 Metaspace       used 80869K, capacity 83782K, committed 83968K, reserved 327680K
  class space    used 10005K, capacity 10922K, committed 11008K, reserved 253952K
}
Event: 9442.752 GC heap after
{Heap after GC invocations=45 (full 0):
 garbage-first heap   total 331776K, used 174547K [0x00000000e0000000, 0x0000000100000000)
  region size 1024K, 3 young (3072K), 3 survivors (3072K)
 Metaspace       used 80869K, capacity 83782K, committed 83968K, reserved 327680K
  class space    used 10005K, capacity 10922K, committed 11008K, reserved 253952K
}
Event: 9564.612 GC heap before
{Heap before GC invocations=45 (full 0):
 garbage-first heap   total 331776K, used 276947K [0x00000000e0000000, 0x0000000100000000)
  region size 1024K, 103 young (105472K), 3 survivors (3072K)
 Metaspace       used 89409K, capacity 92598K, committed 92672K, reserved 335872K
  class space    used 11043K, capacity 12000K, committed 12032K, reserved 253952K
}
Event: 9564.639 GC heap after
{Heap after GC invocations=46 (full 0):
 garbage-first heap   total 331776K, used 182729K [0x00000000e0000000, 0x0000000100000000)
  region size 1024K, 11 young (11264K), 11 survivors (11264K)
 Metaspace       used 89409K, capacity 92598K, committed 92672K, reserved 335872K
  class space    used 11043K, capacity 12000K, committed 12032K, reserved 253952K
}
Event: 9567.997 GC heap before
{Heap before GC invocations=46 (full 0):
 garbage-first heap   total 331776K, used 275913K [0x00000000e0000000, 0x0000000100000000)
  region size 1024K, 102 young (104448K), 11 survivors (11264K)
 Metaspace       used 95372K, capacity 99386K, committed 99584K, reserved 342016K
  class space    used 11980K, capacity 13220K, committed 13312K, reserved 253952K
}
Event: 9568.091 GC heap after
{Heap after GC invocations=47 (full 0):
 garbage-first heap   total 331776K, used 197726K [0x00000000e0000000, 0x0000000100000000)
  region size 1024K, 13 young (13312K), 13 survivors (13312K)
 Metaspace       used 95372K, capacity 99386K, committed 99584K, reserved 342016K
  class space    used 11980K, capacity 13220K, committed 13312K, reserved 253952K
}
Event: 9569.504 GC heap before
{Heap before GC invocations=47 (full 0):
 garbage-first heap   total 331776K, used 273502K [0x00000000e0000000, 0x0000000100000000)
  region size 1024K, 87 young (89088K), 13 survivors (13312K)
 Metaspace       used 96978K, capacity 101146K, committed 101248K, reserved 342016K
  class space    used 12191K, capacity 13419K, committed 13440K, reserved 253952K
}
Event: 9569.564 GC heap after
{Heap after GC invocations=48 (full 0):
 garbage-first heap   total 331776K, used 211968K [0x00000000e0000000, 0x0000000100000000)
  region size 1024K, 11 young (11264K), 11 survivors (11264K)
 Metaspace       used 96978K, capacity 101146K, committed 101248K, reserved 342016K
  class space    used 12191K, capacity 13419K, committed 13440K, reserved 253952K
}
Event: 9570.237 GC heap before
{Heap before GC invocations=48 (full 0):
 garbage-first heap   total 331776K, used 273408K [0x00000000e0000000, 0x0000000100000000)
  region size 1024K, 71 young (72704K), 11 survivors (11264K)
 Metaspace       used 97098K, capacity 101210K, committed 101248K, reserved 342016K
  class space    used 12209K, capacity 13419K, committed 13440K, reserved 253952K
}
Event: 9570.291 GC heap after
{Heap after GC invocations=49 (full 0):
 garbage-first heap   total 331776K, used 224256K [0x00000000e0000000, 0x0000000100000000)
  region size 1024K, 9 young (9216K), 9 survivors (9216K)
 Metaspace       used 97098K, capacity 101210K, committed 101248K, reserved 342016K
  class space    used 12209K, capacity 13419K, committed 13440K, reserved 253952K
}

