# JRE version: Java(TM) SE Runtime Environment (15.0.2+7) (build 15.0.2+7-27)
# Java VM: Java HotSpot(TM) 64-Bit Server VM (15.0.2+7-27, mixed mode, sharing, tiered, compressed oops, g1 gc, windows-amd64)
GC Precious Log:
 CPUs: 4 total, 4 available
 Memory: 3992M
 Large Page Support: Disabled
 NUMA Support: Disabled
 Compressed Oops: Enabled (32-bit)
 Heap Region Size: 1M
 Heap Min Capacity: 256M
 Heap Initial Capacity: 256M
 Heap Max Capacity: 512M
 Pre-touch: Disabled
 Parallel Workers: 4
 Concurrent Workers: 1
 Concurrent Refinement Workers: 4
 Periodic GC: Disabled
Heap:
 garbage-first heap   total 524288K, used 422546K [0x00000000e0000000, 0x0000000100000000)
  region size 1024K, 85 young (87040K), 16 survivors (16384K)
 Metaspace       used 112123K, capacity 114953K, committed 115364K, reserved 356352K
  class space    used 13532K, capacity 14414K, committed 14592K, reserved 253952K
GC Heap History (20 events):
Event: 164.433 GC heap before
{Heap before GC invocations=128 (full 0):
 garbage-first heap   total 524288K, used 271903K [0x00000000e0000000, 0x0000000100000000)
  region size 1024K, 25 young (25600K), 9 survivors (9216K)
 Metaspace       used 110275K, capacity 113099K, committed 113700K, reserved 354304K
  class space    used 13313K, capacity 14198K, committed 14464K, reserved 253952K
}
Event: 164.459 GC heap after
{Heap after GC invocations=129 (full 0):
 garbage-first heap   total 524288K, used 215736K [0x00000000e0000000, 0x0000000100000000)
  region size 1024K, 4 young (4096K), 4 survivors (4096K)
 Metaspace       used 110275K, capacity 113099K, committed 113700K, reserved 354304K
  class space    used 13313K, capacity 14198K, committed 14464K, reserved 253952K
}
Event: 168.141 GC heap before
{Heap before GC invocations=129 (full 0):
 garbage-first heap   total 524288K, used 433848K [0x00000000e0000000, 0x0000000100000000)
  region size 1024K, 216 young (221184K), 4 survivors (4096K)
 Metaspace       used 110449K, capacity 113286K, committed 113700K, reserved 354304K
  class space    used 13330K, capacity 14228K, committed 14464K, reserved 253952K
}
Event: 168.184 GC heap after
{Heap after GC invocations=130 (full 0):
 garbage-first heap   total 524288K, used 228250K [0x00000000e0000000, 0x0000000100000000)
  region size 1024K, 15 young (15360K), 15 survivors (15360K)
 Metaspace       used 110449K, capacity 113286K, committed 113700K, reserved 354304K
  class space    used 13330K, capacity 14228K, committed 14464K, reserved 253952K
}
Event: 168.620 GC heap before
{Heap before GC invocations=130 (full 0):
 garbage-first heap   total 524288K, used 263066K [0x00000000e0000000, 0x0000000100000000)
  region size 1024K, 50 young (51200K), 15 survivors (15360K)
 Metaspace       used 110460K, capacity 113286K, committed 113700K, reserved 354304K
  class space    used 13330K, capacity 14228K, committed 14464K, reserved 253952K
}
Event: 168.633 GC heap after
{Heap after GC invocations=131 (full 0):
 garbage-first heap   total 524288K, used 224556K [0x00000000e0000000, 0x0000000100000000)
  region size 1024K, 10 young (10240K), 10 survivors (10240K)
 Metaspace       used 110460K, capacity 113286K, committed 113700K, reserved 354304K
  class space    used 13330K, capacity 14228K, committed 14464K, reserved 253952K
}
Event: 171.238 GC heap before
{Heap before GC invocations=132 (full 0):
 garbage-first heap   total 524288K, used 308524K [0x00000000e0000000, 0x0000000100000000)
  region size 1024K, 97 young (99328K), 10 survivors (10240K)
 Metaspace       used 110488K, capacity 113286K, committed 113700K, reserved 354304K
  class space    used 13330K, capacity 14228K, committed 14464K, reserved 253952K
}
Event: 171.250 GC heap after
{Heap after GC invocations=133 (full 0):
 garbage-first heap   total 524288K, used 222508K [0x00000000e0000000, 0x0000000100000000)
  region size 1024K, 11 young (11264K), 11 survivors (11264K)
 Metaspace       used 110488K, capacity 113286K, committed 113700K, reserved 354304K
  class space    used 13330K, capacity 14228K, committed 14464K, reserved 253952K
}
Event: 181.342 GC heap before
{Heap before GC invocations=134 (full 0):
 garbage-first heap   total 524288K, used 393516K [0x00000000e0000000, 0x0000000100000000)
  region size 1024K, 178 young (182272K), 11 survivors (11264K)
 Metaspace       used 111469K, capacity 114303K, committed 114724K, reserved 354304K
  class space    used 13464K, capacity 14348K, committed 14464K, reserved 253952K
}
Event: 181.353 GC heap after
{Heap after GC invocations=135 (full 0):
 garbage-first heap   total 524288K, used 219932K [0x00000000e0000000, 0x0000000100000000)
  region size 1024K, 9 young (9216K), 9 survivors (9216K)
 Metaspace       used 111469K, capacity 114303K, committed 114724K, reserved 354304K
  class space    used 13464K, capacity 14348K, committed 14464K, reserved 253952K
}
Event: 182.830 GC heap before
{Heap before GC invocations=136 (full 0):
 garbage-first heap   total 524288K, used 444188K [0x00000000e0000000, 0x0000000100000000)
  region size 1024K, 89 young (91136K), 9 survivors (9216K)
 Metaspace       used 111608K, capacity 114466K, committed 114852K, reserved 354304K
  class space    used 13479K, capacity 14381K, committed 14592K, reserved 253952K
}
Event: 182.839 GC heap after
{Heap after GC invocations=137 (full 0):
 garbage-first heap   total 524288K, used 280638K [0x00000000e0000000, 0x0000000100000000)
  region size 1024K, 15 young (15360K), 15 survivors (15360K)
 Metaspace       used 111608K, capacity 114466K, committed 114852K, reserved 354304K
  class space    used 13479K, capacity 14381K, committed 14592K, reserved 253952K
}
Event: 183.843 GC heap before
{Heap before GC invocations=138 (full 0):
 garbage-first heap   total 524288K, used 369726K [0x00000000e0000000, 0x0000000100000000)
  region size 1024K, 43 young (44032K), 15 survivors (15360K)
 Metaspace       used 111615K, capacity 114467K, committed 114852K, reserved 354304K
  class space    used 13479K, capacity 14381K, committed 14592K, reserved 253952K
}
Event: 183.854 GC heap after
{Heap after GC invocations=139 (full 0):
 garbage-first heap   total 524288K, used 278035K [0x00000000e0000000, 0x0000000100000000)
  region size 1024K, 17 young (17408K), 17 survivors (17408K)
 Metaspace       used 111615K, capacity 114467K, committed 114852K, reserved 354304K
  class space    used 13479K, capacity 14381K, committed 14592K, reserved 253952K
}
Event: 185.012 GC heap before
{Heap before GC invocations=140 (full 0):
 garbage-first heap   total 524288K, used 472595K [0x00000000e0000000, 0x0000000100000000)
  region size 1024K, 77 young (78848K), 17 survivors (17408K)
 Metaspace       used 111650K, capacity 114467K, committed 114852K, reserved 354304K
  class space    used 13480K, capacity 14381K, committed 14592K, reserved 253952K
}
Event: 185.019 GC heap after
{Heap after GC invocations=141 (full 0):
 garbage-first heap   total 524288K, used 293461K [0x00000000e0000000, 0x0000000100000000)
  region size 1024K, 19 young (19456K), 19 survivors (19456K)
 Metaspace       used 111650K, capacity 114467K, committed 114852K, reserved 354304K
  class space    used 13480K, capacity 14381K, committed 14592K, reserved 253952K
}
Event: 186.134 GC heap before
{Heap before GC invocations=142 (full 0):
 garbage-first heap   total 524288K, used 374357K [0x00000000e0000000, 0x0000000100000000)
  region size 1024K, 35 young (35840K), 19 survivors (19456K)
 Metaspace       used 111664K, capacity 114467K, committed 114852K, reserved 354304K
  class space    used 13483K, capacity 14381K, committed 14592K, reserved 253952K
}
Event: 186.141 GC heap after
{Heap after GC invocations=143 (full 0):
 garbage-first heap   total 524288K, used 300639K [0x00000000e0000000, 0x0000000100000000)
  region size 1024K, 6 young (6144K), 6 survivors (6144K)
 Metaspace       used 111664K, capacity 114467K, committed 114852K, reserved 354304K
  class space    used 13483K, capacity 14381K, committed 14592K, reserved 253952K
}
Event: 187.164 GC heap before
{Heap before GC invocations=144 (full 0):
 garbage-first heap   total 524288K, used 353887K [0x00000000e0000000, 0x0000000100000000)
  region size 1024K, 41 young (41984K), 6 survivors (6144K)
 Metaspace       used 111669K, capacity 114531K, committed 114852K, reserved 354304K
  class space    used 13483K, capacity 14381K, committed 14592K, reserved 253952K
}
Event: 187.171 GC heap after
{Heap after GC invocations=145 (full 0):
 garbage-first heap   total 524288K, used 334482K [0x00000000e0000000, 0x0000000100000000)
  region size 1024K, 16 young (16384K), 16 survivors (16384K)
 Metaspace       used 111669K, capacity 114531K, committed 114852K, reserved 354304K
  class space    used 13483K, capacity 14381K, committed 14592K, reserved 253952K
}

