# JRE version: OpenJDK Runtime Environment (8.0_242-b01) (build 1.8.0_242-release-1644-b01)
# Java VM: OpenJDK 64-Bit Server VM (25.242-b01 mixed mode windows-amd64 compressed oops)
Heap:
 PSYoungGen      total 76288K, used 62994K [0x00000000f5580000, 0x00000000faa80000, 0x0000000100000000)
  eden space 65536K, 83% used [0x00000000f5580000,0x00000000f8aec748,0x00000000f9580000)
  from space 10752K, 77% used [0x00000000f9580000,0x00000000f9d98238,0x00000000fa000000)
  to   space 10752K, 0% used [0x00000000fa000000,0x00000000fa000000,0x00000000faa80000)
 ParOldGen       total 175104K, used 7793K [0x00000000e0000000, 0x00000000eab00000, 0x00000000f5580000)
  object space 175104K, 4% used [0x00000000e0000000,0x00000000e079c750,0x00000000eab00000)
 Metaspace       used 32314K, capacity 33362K, committed 33712K, reserved 1079296K
  class space    used 4378K, capacity 4682K, committed 4784K, reserved 1048576K
GC Heap History (10 events):
Event: 5.352 GC heap before
{Heap before GC invocations=2 (full 0):
 PSYoungGen      total 76288K, used 71190K [0x00000000f5580000, 0x00000000faa80000, 0x0000000100000000)
  eden space 65536K, 100% used [0x00000000f5580000,0x00000000f9580000,0x00000000f9580000)
  from space 10752K, 52% used [0x00000000f9580000,0x00000000f9b05840,0x00000000fa000000)
  to   space 10752K, 0% used [0x00000000fa000000,0x00000000fa000000,0x00000000faa80000)
 ParOldGen       total 175104K, used 16K [0x00000000e0000000, 0x00000000eab00000, 0x00000000f5580000)
  object space 175104K, 0% used [0x00000000e0000000,0x00000000e0004000,0x00000000eab00000)
 Metaspace       used 15017K, capacity 15444K, committed 15744K, reserved 1062912K
  class space    used 1975K, capacity 2132K, committed 2176K, reserved 1048576K
Event: 5.374 GC heap after
Heap after GC invocations=2 (full 0):
 PSYoungGen      total 76288K, used 9194K [0x00000000f5580000, 0x00000000faa80000, 0x0000000100000000)
  eden space 65536K, 0% used [0x00000000f5580000,0x00000000f5580000,0x00000000f9580000)
  from space 10752K, 85% used [0x00000000fa000000,0x00000000fa8faab8,0x00000000faa80000)
  to   space 10752K, 0% used [0x00000000f9580000,0x00000000f9580000,0x00000000fa000000)
 ParOldGen       total 175104K, used 24K [0x00000000e0000000, 0x00000000eab00000, 0x00000000f5580000)
  object space 175104K, 0% used [0x00000000e0000000,0x00000000e0006000,0x00000000eab00000)
 Metaspace       used 15017K, capacity 15444K, committed 15744K, reserved 1062912K
  class space    used 1975K, capacity 2132K, committed 2176K, reserved 1048576K
}
Event: 6.811 GC heap before
{Heap before GC invocations=3 (full 0):
 PSYoungGen      total 76288K, used 74730K [0x00000000f5580000, 0x00000000faa80000, 0x0000000100000000)
  eden space 65536K, 100% used [0x00000000f5580000,0x00000000f9580000,0x00000000f9580000)
  from space 10752K, 85% used [0x00000000fa000000,0x00000000fa8faab8,0x00000000faa80000)
  to   space 10752K, 0% used [0x00000000f9580000,0x00000000f9580000,0x00000000fa000000)
 ParOldGen       total 175104K, used 24K [0x00000000e0000000, 0x00000000eab00000, 0x00000000f5580000)
  object space 175104K, 0% used [0x00000000e0000000,0x00000000e0006000,0x00000000eab00000)
 Metaspace       used 20306K, capacity 20946K, committed 20992K, reserved 1067008K
  class space    used 2838K, capacity 3033K, committed 3072K, reserved 1048576K
Event: 6.826 GC heap after
Heap after GC invocations=3 (full 0):
 PSYoungGen      total 76288K, used 10722K [0x00000000f5580000, 0x00000000faa80000, 0x0000000100000000)
  eden space 65536K, 0% used [0x00000000f5580000,0x00000000f5580000,0x00000000f9580000)
  from space 10752K, 99% used [0x00000000f9580000,0x00000000f9ff8808,0x00000000fa000000)
  to   space 10752K, 0% used [0x00000000fa000000,0x00000000fa000000,0x00000000faa80000)
 ParOldGen       total 175104K, used 1721K [0x00000000e0000000, 0x00000000eab00000, 0x00000000f5580000)
  object space 175104K, 0% used [0x00000000e0000000,0x00000000e01ae620,0x00000000eab00000)
 Metaspace       used 20306K, capacity 20946K, committed 20992K, reserved 1067008K
  class space    used 2838K, capacity 3033K, committed 3072K, reserved 1048576K
}
Event: 6.978 GC heap before
{Heap before GC invocations=4 (full 0):
 PSYoungGen      total 76288K, used 15468K [0x00000000f5580000, 0x00000000faa80000, 0x0000000100000000)
  eden space 65536K, 7% used [0x00000000f5580000,0x00000000f5a22be0,0x00000000f9580000)
  from space 10752K, 99% used [0x00000000f9580000,0x00000000f9ff8808,0x00000000fa000000)
  to   space 10752K, 0% used [0x00000000fa000000,0x00000000fa000000,0x00000000faa80000)
 ParOldGen       total 175104K, used 1721K [0x00000000e0000000, 0x00000000eab00000, 0x00000000f5580000)
  object space 175104K, 0% used [0x00000000e0000000,0x00000000e01ae620,0x00000000eab00000)
 Metaspace       used 20560K, capacity 21288K, committed 21296K, reserved 1067008K
  class space    used 2881K, capacity 3112K, committed 3120K, reserved 1048576K
Event: 6.989 GC heap after
Heap after GC invocations=4 (full 0):
 PSYoungGen      total 76288K, used 7904K [0x00000000f5580000, 0x00000000faa80000, 0x0000000100000000)
  eden space 65536K, 0% used [0x00000000f5580000,0x00000000f5580000,0x00000000f9580000)
  from space 10752K, 73% used [0x00000000fa000000,0x00000000fa7b8030,0x00000000faa80000)
  to   space 10752K, 0% used [0x00000000f9580000,0x00000000f9580000,0x00000000fa000000)
 ParOldGen       total 175104K, used 1729K [0x00000000e0000000, 0x00000000eab00000, 0x00000000f5580000)
  object space 175104K, 0% used [0x00000000e0000000,0x00000000e01b0620,0x00000000eab00000)
 Metaspace       used 20560K, capacity 21288K, committed 21296K, reserved 1067008K
  class space    used 2881K, capacity 3112K, committed 3120K, reserved 1048576K
}
Event: 6.989 GC heap before
{Heap before GC invocations=5 (full 1):
 PSYoungGen      total 76288K, used 7904K [0x00000000f5580000, 0x00000000faa80000, 0x0000000100000000)
  eden space 65536K, 0% used [0x00000000f5580000,0x00000000f5580000,0x00000000f9580000)
  from space 10752K, 73% used [0x00000000fa000000,0x00000000fa7b8030,0x00000000faa80000)
  to   space 10752K, 0% used [0x00000000f9580000,0x00000000f9580000,0x00000000fa000000)
 ParOldGen       total 175104K, used 1729K [0x00000000e0000000, 0x00000000eab00000, 0x00000000f5580000)
  object space 175104K, 0% used [0x00000000e0000000,0x00000000e01b0620,0x00000000eab00000)
 Metaspace       used 20560K, capacity 21288K, committed 21296K, reserved 1067008K
  class space    used 2881K, capacity 3112K, committed 3120K, reserved 1048576K
Event: 7.040 GC heap after
Heap after GC invocations=5 (full 1):
 PSYoungGen      total 76288K, used 0K [0x00000000f5580000, 0x00000000faa80000, 0x0000000100000000)
  eden space 65536K, 0% used [0x00000000f5580000,0x00000000f5580000,0x00000000f9580000)
  from space 10752K, 0% used [0x00000000fa000000,0x00000000fa000000,0x00000000faa80000)
  to   space 10752K, 0% used [0x00000000f9580000,0x00000000f9580000,0x00000000fa000000)
 ParOldGen       total 175104K, used 7785K [0x00000000e0000000, 0x00000000eab00000, 0x00000000f5580000)
  object space 175104K, 4% used [0x00000000e0000000,0x00000000e079a750,0x00000000eab00000)
 Metaspace       used 20560K, capacity 21288K, committed 21296K, reserved 1067008K
  class space    used 2881K, capacity 3112K, committed 3120K, reserved 1048576K
}
Event: 8.291 GC heap before
{Heap before GC invocations=6 (full 1):
 PSYoungGen      total 76288K, used 65536K [0x00000000f5580000, 0x00000000faa80000, 0x0000000100000000)
  eden space 65536K, 100% used [0x00000000f5580000,0x00000000f9580000,0x00000000f9580000)
  from space 10752K, 0% used [0x00000000fa000000,0x00000000fa000000,0x00000000faa80000)
  to   space 10752K, 0% used [0x00000000f9580000,0x00000000f9580000,0x00000000fa000000)
 ParOldGen       total 175104K, used 7785K [0x00000000e0000000, 0x00000000eab00000, 0x00000000f5580000)
  object space 175104K, 4% used [0x00000000e0000000,0x00000000e079a750,0x00000000eab00000)
 Metaspace       used 28442K, capacity 29310K, committed 29616K, reserved 1075200K
  class space    used 3925K, capacity 4188K, committed 4272K, reserved 1048576K
Event: 8.300 GC heap after
Heap after GC invocations=6 (full 1):
 PSYoungGen      total 76288K, used 8288K [0x00000000f5580000, 0x00000000faa80000, 0x0000000100000000)
  eden space 65536K, 0% used [0x00000000f5580000,0x00000000f5580000,0x00000000f9580000)
  from space 10752K, 77% used [0x00000000f9580000,0x00000000f9d98238,0x00000000fa000000)
  to   space 10752K, 0% used [0x00000000fa000000,0x00000000fa000000,0x00000000faa80000)
 ParOldGen       total 175104K, used 7793K [0x00000000e0000000, 0x00000000eab00000, 0x00000000f5580000)
  object space 175104K, 4% used [0x00000000e0000000,0x00000000e079c750,0x00000000eab00000)
 Metaspace       used 28442K, capacity 29310K, committed 29616K, reserved 1075200K
  class space    used 3925K, capacity 4188K, committed 4272K, reserved 1048576K
}

