# JRE version: OpenJDK Runtime Environment (8.0_242-b01) (build 1.8.0_242-release-1644-b01)
# Java VM: OpenJDK 64-Bit Server VM (25.242-b01 mixed mode windows-amd64 compressed oops)
Heap:
 PSYoungGen      total 76288K, used 70103K [0x00000000f5580000, 0x00000000fdc80000, 0x0000000100000000)
  eden space 65536K, 94% used [0x00000000f5580000,0x00000000f91fd440,0x00000000f9580000)
  from space 10752K, 75% used [0x00000000f9580000,0x00000000f9d788a0,0x00000000fa000000)
  to   space 12800K, 0% used [0x00000000fd000000,0x00000000fd000000,0x00000000fdc80000)
 ParOldGen       total 175104K, used 7788K [0x00000000e0000000, 0x00000000eab00000, 0x00000000f5580000)
  object space 175104K, 4% used [0x00000000e0000000,0x00000000e079b0f0,0x00000000eab00000)
 Metaspace       used 32466K, capacity 33538K, committed 33712K, reserved 1079296K
  class space    used 4394K, capacity 4696K, committed 4784K, reserved 1048576K
GC Heap History (10 events):
Event: 4.913 GC heap before
{Heap before GC invocations=2 (full 0):
 PSYoungGen      total 76288K, used 71142K [0x00000000f5580000, 0x00000000faa80000, 0x0000000100000000)
  eden space 65536K, 100% used [0x00000000f5580000,0x00000000f9580000,0x00000000f9580000)
  from space 10752K, 52% used [0x00000000f9580000,0x00000000f9af9800,0x00000000fa000000)
  to   space 10752K, 0% used [0x00000000fa000000,0x00000000fa000000,0x00000000faa80000)
 ParOldGen       total 175104K, used 16K [0x00000000e0000000, 0x00000000eab00000, 0x00000000f5580000)
  object space 175104K, 0% used [0x00000000e0000000,0x00000000e0004000,0x00000000eab00000)
 Metaspace       used 15005K, capacity 15436K, committed 15744K, reserved 1062912K
  class space    used 1975K, capacity 2132K, committed 2176K, reserved 1048576K
Event: 4.924 GC heap after
Heap after GC invocations=2 (full 0):
 PSYoungGen      total 76288K, used 9149K [0x00000000f5580000, 0x00000000faa80000, 0x0000000100000000)
  eden space 65536K, 0% used [0x00000000f5580000,0x00000000f5580000,0x00000000f9580000)
  from space 10752K, 85% used [0x00000000fa000000,0x00000000fa8ef4b8,0x00000000faa80000)
  to   space 10752K, 0% used [0x00000000f9580000,0x00000000f9580000,0x00000000fa000000)
 ParOldGen       total 175104K, used 24K [0x00000000e0000000, 0x00000000eab00000, 0x00000000f5580000)
  object space 175104K, 0% used [0x00000000e0000000,0x00000000e0006000,0x00000000eab00000)
 Metaspace       used 15005K, capacity 15436K, committed 15744K, reserved 1062912K
  class space    used 1975K, capacity 2132K, committed 2176K, reserved 1048576K
}
Event: 6.311 GC heap before
{Heap before GC invocations=3 (full 0):
 PSYoungGen      total 76288K, used 74685K [0x00000000f5580000, 0x00000000faa80000, 0x0000000100000000)
  eden space 65536K, 100% used [0x00000000f5580000,0x00000000f9580000,0x00000000f9580000)
  from space 10752K, 85% used [0x00000000fa000000,0x00000000fa8ef4b8,0x00000000faa80000)
  to   space 10752K, 0% used [0x00000000f9580000,0x00000000f9580000,0x00000000fa000000)
 ParOldGen       total 175104K, used 24K [0x00000000e0000000, 0x00000000eab00000, 0x00000000f5580000)
  object space 175104K, 0% used [0x00000000e0000000,0x00000000e0006000,0x00000000eab00000)
 Metaspace       used 20321K, capacity 20970K, committed 20992K, reserved 1067008K
  class space    used 2843K, capacity 3065K, committed 3072K, reserved 1048576K
Event: 6.327 GC heap after
Heap after GC invocations=3 (full 0):
 PSYoungGen      total 76288K, used 10741K [0x00000000f5580000, 0x00000000faa80000, 0x0000000100000000)
  eden space 65536K, 0% used [0x00000000f5580000,0x00000000f5580000,0x00000000f9580000)
  from space 10752K, 99% used [0x00000000f9580000,0x00000000f9ffd6c0,0x00000000fa000000)
  to   space 10752K, 0% used [0x00000000fa000000,0x00000000fa000000,0x00000000faa80000)
 ParOldGen       total 175104K, used 1743K [0x00000000e0000000, 0x00000000eab00000, 0x00000000f5580000)
  object space 175104K, 0% used [0x00000000e0000000,0x00000000e01b3cb0,0x00000000eab00000)
 Metaspace       used 20321K, capacity 20970K, committed 20992K, reserved 1067008K
  class space    used 2843K, capacity 3065K, committed 3072K, reserved 1048576K
}
Event: 6.451 GC heap before
{Heap before GC invocations=4 (full 0):
 PSYoungGen      total 76288K, used 15149K [0x00000000f5580000, 0x00000000faa80000, 0x0000000100000000)
  eden space 65536K, 6% used [0x00000000f5580000,0x00000000f59cddc8,0x00000000f9580000)
  from space 10752K, 99% used [0x00000000f9580000,0x00000000f9ffd6c0,0x00000000fa000000)
  to   space 10752K, 0% used [0x00000000fa000000,0x00000000fa000000,0x00000000faa80000)
 ParOldGen       total 175104K, used 1743K [0x00000000e0000000, 0x00000000eab00000, 0x00000000f5580000)
  object space 175104K, 0% used [0x00000000e0000000,0x00000000e01b3cb0,0x00000000eab00000)
 Metaspace       used 20555K, capacity 21286K, committed 21296K, reserved 1067008K
  class space    used 2882K, capacity 3113K, committed 3120K, reserved 1048576K
Event: 6.460 GC heap after
Heap after GC invocations=4 (full 0):
 PSYoungGen      total 76288K, used 7860K [0x00000000f5580000, 0x00000000fea80000, 0x0000000100000000)
  eden space 65536K, 0% used [0x00000000f5580000,0x00000000f5580000,0x00000000f9580000)
  from space 10752K, 73% used [0x00000000fa000000,0x00000000fa7ad040,0x00000000faa80000)
  to   space 10752K, 0% used [0x00000000f9580000,0x00000000f9580000,0x00000000fa000000)
 ParOldGen       total 175104K, used 1751K [0x00000000e0000000, 0x00000000eab00000, 0x00000000f5580000)
  object space 175104K, 1% used [0x00000000e0000000,0x00000000e01b5cb0,0x00000000eab00000)
 Metaspace       used 20555K, capacity 21286K, committed 21296K, reserved 1067008K
  class space    used 2882K, capacity 3113K, committed 3120K, reserved 1048576K
}
Event: 6.460 GC heap before
{Heap before GC invocations=5 (full 1):
 PSYoungGen      total 76288K, used 7860K [0x00000000f5580000, 0x00000000fea80000, 0x0000000100000000)
  eden space 65536K, 0% used [0x00000000f5580000,0x00000000f5580000,0x00000000f9580000)
  from space 10752K, 73% used [0x00000000fa000000,0x00000000fa7ad040,0x00000000faa80000)
  to   space 10752K, 0% used [0x00000000f9580000,0x00000000f9580000,0x00000000fa000000)
 ParOldGen       total 175104K, used 1751K [0x00000000e0000000, 0x00000000eab00000, 0x00000000f5580000)
  object space 175104K, 1% used [0x00000000e0000000,0x00000000e01b5cb0,0x00000000eab00000)
 Metaspace       used 20555K, capacity 21286K, committed 21296K, reserved 1067008K
  class space    used 2882K, capacity 3113K, committed 3120K, reserved 1048576K
Event: 6.509 GC heap after
Heap after GC invocations=5 (full 1):
 PSYoungGen      total 76288K, used 0K [0x00000000f5580000, 0x00000000fea80000, 0x0000000100000000)
  eden space 65536K, 0% used [0x00000000f5580000,0x00000000f5580000,0x00000000f9580000)
  from space 10752K, 0% used [0x00000000fa000000,0x00000000fa000000,0x00000000faa80000)
  to   space 10752K, 0% used [0x00000000f9580000,0x00000000f9580000,0x00000000fa000000)
 ParOldGen       total 175104K, used 7780K [0x00000000e0000000, 0x00000000eab00000, 0x00000000f5580000)
  object space 175104K, 4% used [0x00000000e0000000,0x00000000e07990f0,0x00000000eab00000)
 Metaspace       used 20555K, capacity 21286K, committed 21296K, reserved 1067008K
  class space    used 2882K, capacity 3113K, committed 3120K, reserved 1048576K
}
Event: 7.855 GC heap before
{Heap before GC invocations=6 (full 1):
 PSYoungGen      total 76288K, used 65536K [0x00000000f5580000, 0x00000000fea80000, 0x0000000100000000)
  eden space 65536K, 100% used [0x00000000f5580000,0x00000000f9580000,0x00000000f9580000)
  from space 10752K, 0% used [0x00000000fa000000,0x00000000fa000000,0x00000000faa80000)
  to   space 10752K, 0% used [0x00000000f9580000,0x00000000f9580000,0x00000000fa000000)
 ParOldGen       total 175104K, used 7780K [0x00000000e0000000, 0x00000000eab00000, 0x00000000f5580000)
  object space 175104K, 4% used [0x00000000e0000000,0x00000000e07990f0,0x00000000eab00000)
 Metaspace       used 28448K, capacity 29296K, committed 29616K, reserved 1075200K
  class space    used 3923K, capacity 4187K, committed 4272K, reserved 1048576K
Event: 7.865 GC heap after
Heap after GC invocations=6 (full 1):
 PSYoungGen      total 76288K, used 8162K [0x00000000f5580000, 0x00000000fdc80000, 0x0000000100000000)
  eden space 65536K, 0% used [0x00000000f5580000,0x00000000f5580000,0x00000000f9580000)
  from space 10752K, 75% used [0x00000000f9580000,0x00000000f9d788a0,0x00000000fa000000)
  to   space 12800K, 0% used [0x00000000fd000000,0x00000000fd000000,0x00000000fdc80000)
 ParOldGen       total 175104K, used 7788K [0x00000000e0000000, 0x00000000eab00000, 0x00000000f5580000)
  object space 175104K, 4% used [0x00000000e0000000,0x00000000e079b0f0,0x00000000eab00000)
 Metaspace       used 28448K, capacity 29296K, committed 29616K, reserved 1075200K
  class space    used 3923K, capacity 4187K, committed 4272K, reserved 1048576K
}

