# JRE version: OpenJDK Runtime Environment (8.0_242-b01) (build 1.8.0_242-release-1644-b01)
# Java VM: OpenJDK 64-Bit Server VM (25.242-b01 mixed mode windows-amd64 compressed oops)
Heap:
 PSYoungGen      total 153088K, used 54130K [0x00000000f5580000, 0x0000000100000000, 0x0000000100000000)
  eden space 135168K, 29% used [0x00000000f5580000,0x00000000f7ce5ed8,0x00000000fd980000)
  from space 17920K, 76% used [0x00000000fd980000,0x00000000fe6f6ae0,0x00000000feb00000)
  to   space 19456K, 0% used [0x00000000fed00000,0x00000000fed00000,0x0000000100000000)
 ParOldGen       total 298496K, used 254083K [0x00000000e0000000, 0x00000000f2380000, 0x00000000f5580000)
  object space 298496K, 85% used [0x00000000e0000000,0x00000000ef820d60,0x00000000f2380000)
 Metaspace       used 89673K, capacity 95204K, committed 95448K, reserved 1132544K
  class space    used 11524K, capacity 12939K, committed 13056K, reserved 1048576K
GC Heap History (10 events):
Event: 208.804 GC heap before
{Heap before GC invocations=53 (full 4):
 PSYoungGen      total 152064K, used 152041K [0x00000000f5580000, 0x0000000100000000, 0x0000000100000000)
  eden space 136704K, 100% used [0x00000000f5580000,0x00000000fdb00000,0x00000000fdb00000)
  from space 15360K, 99% used [0x00000000fef80000,0x00000000ffe7a6f0,0x00000000ffe80000)
  to   space 18944K, 0% used [0x00000000fdb00000,0x00000000fdb00000,0x00000000fed80000)
 ParOldGen       total 298496K, used 238386K [0x00000000e0000000, 0x00000000f2380000, 0x00000000f5580000)
  object space 298496K, 79% used [0x00000000e0000000,0x00000000ee8cca28,0x00000000f2380000)
 Metaspace       used 88716K, capacity 94118K, committed 94424K, reserved 1130496K
  class space    used 11478K, capacity 12892K, committed 13056K, reserved 1048576K
Event: 208.841 GC heap after
Heap after GC invocations=53 (full 4):
 PSYoungGen      total 150016K, used 13171K [0x00000000f5580000, 0x0000000100000000, 0x0000000100000000)
  eden space 136704K, 0% used [0x00000000f5580000,0x00000000f5580000,0x00000000fdb00000)
  from space 13312K, 98% used [0x00000000fdb00000,0x00000000fe7dcc68,0x00000000fe800000)
  to   space 19968K, 0% used [0x00000000fec80000,0x00000000fec80000,0x0000000100000000)
 ParOldGen       total 298496K, used 244585K [0x00000000e0000000, 0x00000000f2380000, 0x00000000f5580000)
  object space 298496K, 81% used [0x00000000e0000000,0x00000000eeeda6b0,0x00000000f2380000)
 Metaspace       used 88716K, capacity 94118K, committed 94424K, reserved 1130496K
  class space    used 11478K, capacity 12892K, committed 13056K, reserved 1048576K
}
Event: 209.326 GC heap before
{Heap before GC invocations=54 (full 4):
 PSYoungGen      total 150016K, used 149875K [0x00000000f5580000, 0x0000000100000000, 0x0000000100000000)
  eden space 136704K, 100% used [0x00000000f5580000,0x00000000fdb00000,0x00000000fdb00000)
  from space 13312K, 98% used [0x00000000fdb00000,0x00000000fe7dcc68,0x00000000fe800000)
  to   space 19968K, 0% used [0x00000000fec80000,0x00000000fec80000,0x0000000100000000)
 ParOldGen       total 298496K, used 244607K [0x00000000e0000000, 0x00000000f2380000, 0x00000000f5580000)
  object space 298496K, 81% used [0x00000000e0000000,0x00000000eeedfec8,0x00000000f2380000)
 Metaspace       used 88743K, capacity 94182K, committed 94424K, reserved 1130496K
  class space    used 11478K, capacity 12892K, committed 13056K, reserved 1048576K
Event: 209.333 GC heap after
Heap after GC invocations=54 (full 4):
 PSYoungGen      total 154624K, used 3053K [0x00000000f5580000, 0x0000000100000000, 0x0000000100000000)
  eden space 134656K, 0% used [0x00000000f5580000,0x00000000f5580000,0x00000000fd900000)
  from space 19968K, 15% used [0x00000000fec80000,0x00000000fef7b7a8,0x0000000100000000)
  to   space 19968K, 0% used [0x00000000fd900000,0x00000000fd900000,0x00000000fec80000)
 ParOldGen       total 298496K, used 246404K [0x00000000e0000000, 0x00000000f2380000, 0x00000000f5580000)
  object space 298496K, 82% used [0x00000000e0000000,0x00000000ef0a1178,0x00000000f2380000)
 Metaspace       used 88743K, capacity 94182K, committed 94424K, reserved 1130496K
  class space    used 11478K, capacity 12892K, committed 13056K, reserved 1048576K
}
Event: 209.583 GC heap before
{Heap before GC invocations=55 (full 4):
 PSYoungGen      total 154624K, used 137709K [0x00000000f5580000, 0x0000000100000000, 0x0000000100000000)
  eden space 134656K, 100% used [0x00000000f5580000,0x00000000fd900000,0x00000000fd900000)
  from space 19968K, 15% used [0x00000000fec80000,0x00000000fef7b7a8,0x0000000100000000)
  to   space 19968K, 0% used [0x00000000fd900000,0x00000000fd900000,0x00000000fec80000)
 ParOldGen       total 298496K, used 246406K [0x00000000e0000000, 0x00000000f2380000, 0x00000000f5580000)
  object space 298496K, 82% used [0x00000000e0000000,0x00000000ef0a1b90,0x00000000f2380000)
 Metaspace       used 88748K, capacity 94182K, committed 94424K, reserved 1130496K
  class space    used 11478K, capacity 12892K, committed 13056K, reserved 1048576K
Event: 209.599 GC heap after
Heap after GC invocations=55 (full 4):
 PSYoungGen      total 141312K, used 6170K [0x00000000f5580000, 0x00000000ffd00000, 0x0000000100000000)
  eden space 134656K, 0% used [0x00000000f5580000,0x00000000f5580000,0x00000000fd900000)
  from space 6656K, 92% used [0x00000000fd900000,0x00000000fdf06920,0x00000000fdf80000)
  to   space 18432K, 0% used [0x00000000feb00000,0x00000000feb00000,0x00000000ffd00000)
 ParOldGen       total 298496K, used 247316K [0x00000000e0000000, 0x00000000f2380000, 0x00000000f5580000)
  object space 298496K, 82% used [0x00000000e0000000,0x00000000ef185270,0x00000000f2380000)
 Metaspace       used 88748K, capacity 94182K, committed 94424K, reserved 1130496K
  class space    used 11478K, capacity 12892K, committed 13056K, reserved 1048576K
}
Event: 210.119 GC heap before
{Heap before GC invocations=56 (full 4):
 PSYoungGen      total 141312K, used 140826K [0x00000000f5580000, 0x00000000ffd00000, 0x0000000100000000)
  eden space 134656K, 100% used [0x00000000f5580000,0x00000000fd900000,0x00000000fd900000)
  from space 6656K, 92% used [0x00000000fd900000,0x00000000fdf06920,0x00000000fdf80000)
  to   space 18432K, 0% used [0x00000000feb00000,0x00000000feb00000,0x00000000ffd00000)
 ParOldGen       total 298496K, used 247316K [0x00000000e0000000, 0x00000000f2380000, 0x00000000f5580000)
  object space 298496K, 82% used [0x00000000e0000000,0x00000000ef185270,0x00000000f2380000)
 Metaspace       used 88762K, capacity 94188K, committed 94424K, reserved 1130496K
  class space    used 11479K, capacity 12893K, committed 13056K, reserved 1048576K
Event: 210.156 GC heap after
Heap after GC invocations=56 (full 4):
 PSYoungGen      total 153600K, used 3871K [0x00000000f5580000, 0x0000000100000000, 0x0000000100000000)
  eden space 135168K, 0% used [0x00000000f5580000,0x00000000f5580000,0x00000000fd980000)
  from space 18432K, 21% used [0x00000000feb00000,0x00000000feec7e48,0x00000000ffd00000)
  to   space 17920K, 0% used [0x00000000fd980000,0x00000000fd980000,0x00000000feb00000)
 ParOldGen       total 298496K, used 250269K [0x00000000e0000000, 0x00000000f2380000, 0x00000000f5580000)
  object space 298496K, 83% used [0x00000000e0000000,0x00000000ef467688,0x00000000f2380000)
 Metaspace       used 88762K, capacity 94188K, committed 94424K, reserved 1130496K
  class space    used 11479K, capacity 12893K, committed 13056K, reserved 1048576K
}
Event: 213.458 GC heap before
{Heap before GC invocations=57 (full 4):
 PSYoungGen      total 153600K, used 139039K [0x00000000f5580000, 0x0000000100000000, 0x0000000100000000)
  eden space 135168K, 100% used [0x00000000f5580000,0x00000000fd980000,0x00000000fd980000)
  from space 18432K, 21% used [0x00000000feb00000,0x00000000feec7e48,0x00000000ffd00000)
  to   space 17920K, 0% used [0x00000000fd980000,0x00000000fd980000,0x00000000feb00000)
 ParOldGen       total 298496K, used 250269K [0x00000000e0000000, 0x00000000f2380000, 0x00000000f5580000)
  object space 298496K, 83% used [0x00000000e0000000,0x00000000ef467688,0x00000000f2380000)
 Metaspace       used 89071K, capacity 94596K, committed 94936K, reserved 1130496K
  class space    used 11487K, capacity 12907K, committed 13056K, reserved 1048576K
Event: 213.496 GC heap after
Heap after GC invocations=57 (full 4):
 PSYoungGen      total 153088K, used 13786K [0x00000000f5580000, 0x0000000100000000, 0x0000000100000000)
  eden space 135168K, 0% used [0x00000000f5580000,0x00000000f5580000,0x00000000fd980000)
  from space 17920K, 76% used [0x00000000fd980000,0x00000000fe6f6ae0,0x00000000feb00000)
  to   space 19456K, 0% used [0x00000000fed00000,0x00000000fed00000,0x0000000100000000)
 ParOldGen       total 298496K, used 254083K [0x00000000e0000000, 0x00000000f2380000, 0x00000000f5580000)
  object space 298496K, 85% used [0x00000000e0000000,0x00000000ef820d60,0x00000000f2380000)
 Metaspace       used 89071K, capacity 94596K, committed 94936K, reserved 1130496K
  class space    used 11487K, capacity 12907K, committed 13056K, reserved 1048576K
}

